<?xml version="1.0" encoding="UTF-8"?>
<testng-results skipped="0" failed="0" ignored="0" total="0" passed="0">
  <reporter-output>
  </reporter-output>
  <suite name="com.testscripts.CreateCampaignTest" duration-ms="0" started-at="2020-01-05T17:16:26Z" finished-at="2020-01-05T17:16:26Z">
    <groups>
    </groups>
    <test name="Command line test" duration-ms="0" started-at="2020-01-05T17:16:26Z" finished-at="2020-01-05T17:16:26Z">
    </test> <!-- Command line test -->
  </suite> <!-- com.testscripts.CreateCampaignTest -->
</testng-results>
