<?xml version="1.0" encoding="UTF-8"?>
<testng-results skipped="0" failed="0" ignored="0" total="1" passed="1">
  <reporter-output>
  </reporter-output>
  <suite name="Default suite" duration-ms="165967" started-at="2020-01-05T16:50:15 IST" finished-at="2020-01-05T16:53:01 IST">
    <groups>
    </groups>
    <test name="Default test" duration-ms="165967" started-at="2020-01-05T16:50:15 IST" finished-at="2020-01-05T16:53:01 IST">
      <class name="com.testscripts.Create_duplicate_N_ValidateQuotes">
        <test-method status="PASS" signature="connectDB()[pri:0, instance:com.testscripts.Create_duplicate_N_ValidateQuotes@6321e813]" name="connectDB" is-config="true" duration-ms="19" started-at="2020-01-05T16:50:15 IST" finished-at="2020-01-05T16:50:15 IST">
          <reporter-output>
          </reporter-output>
        </test-method> <!-- connectDB -->
        <test-method status="PASS" signature="openBrowser()[pri:0, instance:com.testscripts.Create_duplicate_N_ValidateQuotes@6321e813]" name="openBrowser" is-config="true" duration-ms="7456" started-at="2020-01-05T16:50:15 IST" finished-at="2020-01-05T16:50:23 IST">
          <reporter-output>
          </reporter-output>
        </test-method> <!-- openBrowser -->
        <test-method status="PASS" signature="login()[pri:0, instance:com.testscripts.Create_duplicate_N_ValidateQuotes@6321e813]" name="login" is-config="true" duration-ms="8389" started-at="2020-01-05T16:50:23 IST" finished-at="2020-01-05T16:50:31 IST">
          <reporter-output>
          </reporter-output>
        </test-method> <!-- login -->
        <test-method status="PASS" signature="createQuotation()[pri:0, instance:com.testscripts.Create_duplicate_N_ValidateQuotes@6321e813]" name="createQuotation" duration-ms="143417" started-at="2020-01-05T16:50:31 IST" finished-at="2020-01-05T16:52:55 IST">
          <reporter-output>
          </reporter-output>
        </test-method> <!-- createQuotation -->
        <test-method status="PASS" signature="logout()[pri:0, instance:com.testscripts.Create_duplicate_N_ValidateQuotes@6321e813]" name="logout" is-config="true" duration-ms="6254" started-at="2020-01-05T16:52:55 IST" finished-at="2020-01-05T16:53:01 IST">
          <reporter-output>
          </reporter-output>
        </test-method> <!-- logout -->
        <test-method status="PASS" signature="closeBrowser()[pri:0, instance:com.testscripts.Create_duplicate_N_ValidateQuotes@6321e813]" name="closeBrowser" is-config="true" duration-ms="398" started-at="2020-01-05T16:53:01 IST" finished-at="2020-01-05T16:53:01 IST">
          <reporter-output>
          </reporter-output>
        </test-method> <!-- closeBrowser -->
        <test-method status="PASS" signature="closeDB()[pri:0, instance:com.testscripts.Create_duplicate_N_ValidateQuotes@6321e813]" name="closeDB" is-config="true" duration-ms="1" started-at="2020-01-05T16:53:01 IST" finished-at="2020-01-05T16:53:01 IST">
          <reporter-output>
          </reporter-output>
        </test-method> <!-- closeDB -->
      </class> <!-- com.testscripts.Create_duplicate_N_ValidateQuotes -->
    </test> <!-- Default test -->
  </suite> <!-- Default suite -->
</testng-results>
